2025-01-30 02:12:23,302 - Received import address request for DOGE: {'address': 'SgiX6JcYNPDTBujvQrXvrXV3pucT2r7m5v', 'label': 'EMY', 'rescan': False}
2025-01-30 02:13:52,400 - Received import address request for DOGE: {'address': 'SgiX6JcYNPDTBujvQrXvrXV3pucT2r7m5v', 'label': 'EMY', 'rescan': False}
2025-01-30 02:15:53,027 - Received import address request for DOGE: {'address': 'DFZt1vm5KzS6nS854aAXJenYe5ZHBUu36Z', 'label': 'EMY', 'rescan': False}
2025-01-30 02:19:27,409 - Received import address request for DOGE: {'address': 'DFZt1vm5KzS6nS854aAXJenYe5ZHBUu36Z', 'label': 'EMY', 'rescan': False}
2025-01-30 08:41:35,559 - Received import address request for BONC: {'address': 'BFAgvyUpyDWY19PM8kUPLU5i8maK9HsTY3', 'label': 'BONK', 'rescan': False}
2025-01-30 08:42:59,373 - Received import address request for PEP: {'address': 'PhES9pDdWvd4hyG4zKqbERxwRicrn6bNjE', 'label': 'Pepe', 'rescan': False}
2025-01-30 09:40:15,428 - Received import address request for FLOP: {'address': 'F69cQ2JjfQme2kBG145gbq4ucVLyt2opft', 'label': 'FLOP', 'rescan': False}
2025-01-30 11:34:29,575 - Received import address request for DOGE: {'address': 'DGpHHo9BxQNa9pN7QAES9cxMGHwqgYynRq', 'label': 'Ha', 'rescan': False}
2025-01-30 12:12:23,510 - Received import address request for DOGE: {'address': 'DUUd3gMkLH9D3diyGXdQzEDwnrVYZM4pj9', 'label': 'DOGEWallet ', 'rescan': False}
2025-01-30 12:13:19,844 - Received import address request for PEP: {'address': 'PbUMD77P3eLUfoPzcXqmewKK57bdQNdjPm', 'label': 'PepecoinWallet', 'rescan': False}
2025-01-30 13:07:31,788 - Received import address request for FLOP: {'address': 'FEmp3XtRYQYAoe9wTXKo5mrtLgUTigNmrF', 'label': 'Toejams flop', 'rescan': False}
2025-01-30 15:32:02,210 - Received import address request for SHIC: {'address': 'SaG8RiiS1xpQc2XBV2YY6Yeh1pzwFkqR67', 'label': 'Shiba1', 'rescan': False}
2025-01-30 15:37:17,523 - Received import address request for SHIC: {'address': 'SaG8RiiS1xpQc2XBV2YY6Yeh1pzwFkqR67', 'label': 'Shic', 'rescan': False}
2025-01-30 15:52:45,738 - Received import address request for SHIC: {'address': 'SaG8RiiS1xpQc2XBV2YY6Yeh1pzwFkqR67', 'label': 'shic', 'rescan': False}
2025-01-30 16:21:53,443 - Received import address request for PEP: {'address': 'PcKNLorH2WeKJoDkRyYsdKreT9AB7CmWdo', 'label': 'Main PEP', 'rescan': False}
2025-01-30 18:33:01,569 - Received import address request for PEP: {'address': 'PjhyCmUdEmAs98j8noXGVUvMffFW78iBuW', 'label': 'deadkols pepe', 'rescan': False}
2025-01-30 18:43:37,533 - Received import address request for FLOP: {'address': 'FJwAtvhkwLsEbURu7v62YF1ZucyFDyPLyw', 'label': 'flop', 'rescan': False}
2025-01-30 21:12:53,187 - Received import address request for FLOP: {'address': 'FHxagSc5FJKWsk5RE1rHH3UqReVLfUdx2t', 'label': 'Elphapex Flop', 'rescan': False}
2025-01-30 21:17:11,789 - Received import address request for FLOP: {'address': 'FHxagSc5FJKWsk5RE1rHH3UqReVLfUdx2t', 'label': 'Elphapex flop', 'rescan': False}
2025-01-30 23:04:43,084 - Received import address request for FLOP: {'address': 'FFesyrYVhYgAUHNfQKiSBtFhQvzx1eZMCg', 'label': 'portofoli2', 'rescan': False}
2025-01-30 23:22:32,630 - Received import address request for BONC: {'address': 'BKMHbYBA8u2jc2US5p1YnsqwZ1KQMhCgWR', 'label': 'Main Bonc', 'rescan': False}
2025-01-30 23:41:00,500 - Received import address request for FLOP: {'address': 'FEmp3XtRYQYAoe9wTXKo5mrtLgUTigNmrF', 'label': 'Toejams flop', 'rescan': False}
2025-01-30 23:42:05,489 - Received import address request for FLOP: {'address': 'FEmp3XtRYQYAoe9wTXKo5mrtLgUTigNmrF', 'label': 'Toejams flop', 'rescan': False}
2025-01-31 00:43:27,161 - Received import address request for DOGE: {'address': 'PhHU48ZnsWxsq6weprJP2TcziN7kzuxdrD', 'label': 'pepe', 'rescan': False}
2025-01-31 00:43:27,376 - Received import address request for DOGE: {'address': 'PhHU48ZnsWxsq6weprJP2TcziN7kzuxdrD', 'label': 'pepe', 'rescan': False}
2025-01-31 00:47:27,154 - Received import address request for DOGE: {'address': 'B8pLwgi1j7awZXGnJzCVnT1fFGmRjd2d2T', 'label': 'bonc', 'rescan': False}
2025-01-31 00:50:42,762 - Received import address request for PEP: {'address': 'PhHU48ZnsWxsq6weprJP2TcziN7kzuxdrD', 'label': 'pepe', 'rescan': False}
2025-01-31 00:52:23,474 - Received import address request for BONC: {'address': 'B8pLwgi1j7awZXGnJzCVnT1fFGmRjd2d2T', 'label': 'bonc', 'rescan': False}
2025-01-31 00:56:10,166 - Received import address request for FLOP: {'address': 'F9YqwaGzfcqRr7qsq3FY4QMTVzfqYBBWkJ', 'label': 'flop', 'rescan': False}
2025-01-31 00:59:07,514 - Received import address request for SHIC: {'address': 'SfeykJBhGPvpjCv8Q7yQRrMrFPtV7gtyXk', 'label': 'shic', 'rescan': False}
2025-01-31 01:05:23,480 - Received import address request for FLOP: {'address': 'FSQfJfYQM25QkhE5KaH9U9o4VYJBJiPqKV', 'label': 'Jacobs Flop', 'rescan': False}
2025-01-31 04:08:29,262 - Received import address request for DGB: {'address': 'DJq73YUAxgYfTrYxDvaDximBox2W67gJCz', 'label': 'First Digibyte wallet', 'rescan': False}
2025-01-31 04:08:32,434 - Received import address request for DGB: {'address': 'D8o639LrADCHMMiwP8ttWbP18ajkU1FK9D', 'label': 'new dgb', 'rescan': False}
2025-01-31 04:09:46,242 - Received import address request for DEV: {'address': 'DMskejtp23PE5RkL2dvavhS3LRAdLzXueg', 'label': 'DEV', 'rescan': False}
2025-01-31 04:10:06,658 - Received import address request for DEV: {'address': 'DJW8ThDTM8NKhJFVNH6ZdmZNADoNRNufbn', 'label': 'dev', 'rescan': False}
2025-01-31 08:53:31,646 - Received import address request for DOGE: {'address': 'DAi2vPxLJWhcJ2vkLouYt9nUW7sb9gdVfu', 'label': 'lav wallet', 'rescan': False}
2025-01-31 08:59:01,891 - Received import address request for DEV: {'address': 'DD2AvWHJqjbbozvkpiQLHuW7u95zoGdgQk', 'label': 'lav dev wallet', 'rescan': False}
2025-01-31 09:21:33,733 - Received import address request for DEV: {'address': 'DH1djeh5ciVHZKEw8trphG2abjtWtjAvgr', 'label': 'Bonk wallet ', 'rescan': False}
2025-01-31 10:01:36,732 - Received import address request for DEV: {'address': 'DFbR2b3BLQ24c4xDMAkvqGoU9NbqaU14EV', 'label': 'Dev Mint Wallet ', 'rescan': False}
2025-01-31 10:05:15,747 - Received import address request for DEV: {'address': 'DDUJj4Eu6ShQNWiTwaumsmgAVWghyAUqGY', 'label': 'Inscriber Dev', 'rescan': False}
2025-01-31 14:56:56,248 - Received import address request for DEV: {'address': 'DJDT3841LgE4BnHowbrMRWioPWb3ZAPebo', 'label': '1', 'rescan': False}
2025-01-31 14:58:53,049 - Received import address request for DEV: {'address': 'DNxRyUXRFDQ6ova3XA3HY74Vufn5xcv4p2', 'label': 'Dev ordinal', 'rescan': False}
2025-01-31 16:08:16,248 - Received import address request for SHIC: {'address': 'SgiX6JcYNPDTBujvQrXvrXV3pucT2r7m5v', 'label': 'EMY', 'rescan': False}
2025-01-31 17:08:16,222 - Received import address request for DOGE: {'address': 'DJ7pw79b4AaMn5GFuJsER1hNohDzUy4x6X', 'label': 'G', 'rescan': False}
2025-02-01 00:38:07,218 - Received import address request for DEV: {'address': 'D9c19JiAtUnPtHkGJVemt1fUnfriHWF7va', 'label': 'dogecoindev', 'rescan': False}
2025-02-01 04:40:46,996 - Received import address request for BONC: {'address': 'BKMwAUgY6ormMtVZ6uXfW912crE3TR6QHr', 'label': 'bonc', 'rescan': False}
2025-02-01 06:19:41,421 - Received import address request for FLOP: {'address': 'FHxagSc5FJKWsk5RE1rHH3UqReVLfUdx2t', 'label': 'Plugz', 'rescan': False}
2025-02-01 10:27:31,630 - Received import address request for DEV: {'address': 'DDdmpgwnSKVSZZDKdJjMq35Bek1atm3iZn', 'label': 'dev1', 'rescan': False}
2025-02-01 10:32:18,821 - Received import address request for SHIC: {'address': 'SaG8RiiS1xpQc2XBV2YY6Yeh1pzwFkqR67', 'label': 'SHIC', 'rescan': False}
2025-02-01 10:40:06,313 - Received import address request for DOGE: {'address': 'FBUtd1Ug4LmGxvTt27D5JghGKDsx6SRw6Q', 'label': 'Flop1', 'rescan': False}
2025-02-01 10:40:54,933 - Received import address request for DOGE: {'address': 'FBUtd1Ug4LmGxvTt27D5JghGKDsx6SRw6Q', 'label': 'FLOP1', 'rescan': False}
2025-02-01 10:41:23,313 - Received import address request for DOGE: {'address': 'QSkJjevNGPB9w7q8YFTgDCD6ywznvJS8hcHndjZFm67HCoMiNWdH', 'label': 'FLOP1', 'rescan': False}
2025-02-01 10:43:30,322 - Received import address request for DOGE: {'address': 'PmsuzfbSUYwV924W1K7qxJofJsaGA2TgLs', 'label': 'PEPE1', 'rescan': False}
2025-02-01 10:45:53,956 - Received import address request for DOGE: {'address': 'PmsuzfbSUYwV924W1K7qxJofJsaGA2TgLs', 'label': 'PEPE1 ', 'rescan': False}
2025-02-01 10:53:26,619 - Received import address request for DOGE: {'address': 'PmsuzfbSUYwV924W1K7qxJofJsaGA2TgLs', 'label': 'PEPE1 ', 'rescan': False}
2025-02-01 11:06:41,358 - Received import address request for DOGE: {'address': 'DF7xG3KE5he5NucsUhcqab7S4efcYajcNY', 'label': '111', 'rescan': False}
2025-02-01 11:47:22,798 - Received import address request for DEV: {'address': 'DFbR2b3BLQ24c4xDMAkvqGoU9NbqaU14EV', 'label': 'Dev', 'rescan': False}
2025-02-01 11:47:46,345 - Received import address request for DEV: {'address': 'DDUJj4Eu6ShQNWiTwaumsmgAVWghyAUqGY', 'label': 'main dev', 'rescan': False}
2025-02-01 11:56:06,410 - Received import address request for PEP: {'address': 'PheYGwqYZTVFW8a6HZmWV8jK71bnfSstA8', 'label': 'king', 'rescan': False}
2025-02-01 15:08:50,764 - Received import address request for DEV: {'address': 'FSZDJdXqeTcNqY94E7PLiVqm3bk9gkgqSp', 'label': 'ch', 'rescan': False}
2025-02-01 16:09:36,971 - Received import address request for DEV: {'address': 'DQkACDHjHcq8uHweqGUS5FfvrixvwJSKE6', 'label': 'Dev', 'rescan': False}
2025-02-01 16:35:21,982 - Received import address request for LKY: {'address': 'LHFrEHJbFYr2CWo63Ufbn6noqVqwi1AfT5', 'label': 'luck', 'rescan': False}
2025-02-01 18:54:14,273 - Received import address request for PEP: {'address': 'PmsuzfbSUYwV924W1K7qxJofJsaGA2TgLs', 'label': 'PEPE1 ', 'rescan': False}
2025-02-01 18:55:14,440 - Received import address request for DEV: {'address': 'DDH7BL2sjNwbPX1wAm6VaMxyYkK3zBBL42', 'label': 'DEV1', 'rescan': False}
2025-02-02 09:05:47,200 - Received import address request for DOGE: {'address': 'D6Vp62WKJqZDFXGCv2yK6U3dwUAsXfWwzh', 'label': 'PlugZ', 'rescan': False}
2025-02-02 09:32:03,091 - Received import address request for DOGE: {'address': 'DA4bCV5Rj6vdu4EzKnJEN6AZoqrgYyaMMn', 'label': 'Danielsjnr', 'rescan': False}
2025-02-02 09:58:05,226 - Received import address request for DEV: {'address': 'D5jaaQpgnpsffuxq1vcUCPHyMUfPishCr5', 'label': 'Deevibes', 'rescan': False}
2025-02-02 10:02:55,674 - Received import address request for DEV: {'address': 'DA4bCV5Rj6vdu4EzKnJEN6AZoqrgYyaMMn', 'label': 'Danielsjnr', 'rescan': False}
2025-02-02 15:49:37,451 - Received import address request for FLOP: {'address': 'FSvCto5RgrhxamHMnPNT1q2ZQBQXu1SkdT', 'label': 'Dan', 'rescan': False}
2025-02-02 21:58:32,368 - Received import address request for DOGE: {'address': 'DLJLnp6vUf14S5EH3ikYiTFMmNNsaqubZB', 'label': 'dogecc', 'rescan': False}
2025-02-02 22:00:20,378 - Received import address request for DOGE: {'address': 'DAu3VDt7tWkxQq28y2XWkSheLza4A1b3cx', 'label': 'dogecc', 'rescan': False}
2025-02-02 22:01:43,513 - Received import address request for DOGE: {'address': 'DAu3VDt7tWkxQq28y2XWkSheLza4A1b3cx', 'label': 'dogecc', 'rescan': False}
2025-02-02 22:13:38,379 - Received import address request for SHIC: {'address': 'SenZLCvmsDVQLFiN8ou7U1o3HxFZxRRmVV', 'label': 'dogeshic', 'rescan': False}
2025-02-02 22:14:03,586 - Received import address request for SHIC: {'address': 'SenZLCvmsDVQLFiN8ou7U1o3HxFZxRRmVV', 'label': 'dogeshic', 'rescan': False}
2025-02-03 10:27:08,326 - Received import address request for DOGE: {'address': 'DPgaSP1RrrCw1cW3WT9KJGUAYK2Cq5hUwC', 'label': 'McCauleyONEE', 'rescan': False}
2025-02-03 10:29:06,054 - Received import address request for FLOP: {'address': 'F6AqBnH1NzoCeMaQc9Nu2fNM4G6hHHqVua', 'label': 'McFlopp', 'rescan': False}
2025-02-03 11:35:25,268 - Received import address request for DOGE: {'address': 'Scqg4nfRSKiZwYsWKNPkUXdx3eRLTC2B2u', 'label': 'shibawallet101', 'rescan': False}
2025-02-03 11:37:05,291 - Received import address request for DOGE: {'address': 'Scqg4nfRSKiZwYsWKNPkUXdx3eRLTC2B2u', 'label': '101', 'rescan': False}
2025-02-03 13:38:01,727 - Received import address request for DOGE: {'address': 'Scqg4nfRSKiZwYsWKNPkUXdx3eRLTC2B2u', 'label': 'shic', 'rescan': False}
2025-02-03 16:46:19,168 - Received import address request for DOGE: {'address': 'FHv4iCYAm4g1DTBAbRqXeENLqMxRvwVzeY', 'label': 'Bigdads Wallet', 'rescan': False}
2025-02-03 16:51:15,068 - Received import address request for FLOP: {'address': 'FHv4iCYAm4g1DTBAbRqXeENLqMxRvwVzeY', 'label': 'BigdadzWallet', 'rescan': False}
2025-02-03 23:27:02,326 - Received import address request for FLOP: {'address': 'F9YqwaGzfcqRr7qsq3FY4QMTVzfqYBBWkJ', 'label': 'Juseeflop', 'rescan': False}
2025-02-04 06:38:55,470 - Received import address request for SHIC: {'address': 'SUWuNpXHSuMzmhvmg9titfiQ6auBeAU3Vd', 'label': 'ShicWallet', 'rescan': False}
2025-02-04 08:22:38,565 - Received import address request for DEV: {'address': 'DJWCvBpiZqj5UtgBQxsWqYc9R8NMkuPVQg', 'label': 'DEVS Collection', 'rescan': False}
2025-02-04 11:35:39,720 - Received import address request for DEV: {'address': 'DMd672H2f6ybXHzaVbSWmYjwups1vaCNa6', 'label': 'DEVS Wallet', 'rescan': False}
2025-02-04 18:39:23,738 - Received import address request for DEV: {'address': 'DPYz4dfBGTX8cLSb3MX4WMVZF6uBNMwCw5', 'label': 'dev', 'rescan': False}
2025-02-04 23:34:09,123 - Received import address request for DOGE: {'address': 'D7s91m35CgitF3nwJHtSD2YwKgdC83jYue', 'label': 'DEV', 'rescan': False}
2025-02-05 01:37:26,279 - Received import address request for DOGE: {'address': 'DERzp9dghz5ntU3hicQ5UhznwXD9gg6eB8', 'label': 'DEVV', 'rescan': False}
2025-02-05 03:49:39,926 - Received import address request for PEP: {'address': 'PpBXBn9EvYwUQZ2ycGQ1X9hoSEGAtXAyAT', 'label': 'pepe vault', 'rescan': False}
2025-02-05 03:49:40,386 - Received import address request for PEP: {'address': 'PpBXBn9EvYwUQZ2ycGQ1X9hoSEGAtXAyAT', 'label': 'pepe vault', 'rescan': False}
2025-02-05 11:54:42,752 - Received import address request for DEV: {'address': 'D5NsbveuH1RNxnCksJr5A6NtKDZgxbmxYJ', 'label': 'DogecoinEV', 'rescan': False}
2025-02-05 16:20:30,588 - Received import address request for PEP: {'address': 'PcmLvj8povVm8s6qFtMQBRwQa95nvVKpXZ', 'label': 'PEP WALLET ', 'rescan': False}
2025-02-05 18:18:39,016 - Received import address request for DEV: {'address': 'DCKvwAY8TWmGmczHrFNoQ4qfbDieD4LehC', 'label': 'GROK', 'rescan': False}
2025-02-05 21:19:03,797 - Received import address request for DEV: {'address': 'DN5Cze9M1t2pPr7YkELTNuyMGAYB44Bzkp', 'label': 'PWDEV', 'rescan': False}
2025-02-06 04:19:27,018 - Received import address request for DEV: {'address': 'D5NsbveuH1RNxnCksJr5A6NtKDZgxbmxYJ', 'label': 'DEV', 'rescan': False}
2025-02-06 04:20:11,730 - Received import address request for FLOP: {'address': 'FHxagSc5FJKWsk5RE1rHH3UqReVLfUdx2t', 'label': 'FLOP', 'rescan': False}
2025-02-06 07:41:18,999 - Received import address request for FLOP: {'address': 'FJwAtvhkwLsEbURu7v62YF1ZucyFDyPLyw', 'label': 'kmd', 'rescan': False}
2025-02-06 19:50:06,295 - Received import address request for FLOP: {'address': 'FU9GDgZDgq4PqgHs48AD2xL3Hub5hiVRhr', 'label': 'izbe', 'rescan': False}
2025-02-07 01:30:28,763 - Received import address request for DOGE: {'address': 'DCCs1ZGZq3PojEHYT5GXfy2kejA6rCkBP3', 'label': 'AUGDEV', 'rescan': False}
2025-02-07 13:45:36,298 - Received import address request for DOGE: {'address': 'D9v7wMkWNmS11nzpGJWHiB7U4RTbtvbBMs', 'label': 'Ghintiri', 'rescan': False}
2025-02-07 22:02:11,816 - Received import address request for DEV: {'address': 'DGec8s2pPLedkkQW3yr6MBTpHG5tfaAMSX', 'label': '👑', 'rescan': False}
2025-02-08 00:15:35,214 - Received import address request for FLOP: {'address': 'F8ELYZQHVXUuUsWVu5nxGNWTbx6LHswJDV', 'label': 'Flop1', 'rescan': False}
2025-02-08 07:59:35,747 - Received import address request for FLOP: {'address': 'FTtq8FkFQa3ipwQqhiFhb44MyUXv4Pb9rx', 'label': 'portofoli', 'rescan': False}
2025-02-08 12:01:00,476 - Received import address request for DOGE: {'address': 'DBhbXbHasqJSHp86EjNvmxj7nL9dZT1Dmq', 'label': '123', 'rescan': False}
2025-02-08 17:24:55,397 - Received import address request for DEV: {'address': 'DSyAn3wXhKeASPep1StWMmTYXfdCt6SHD8', 'label': 'Danny', 'rescan': False}
2025-02-08 19:16:13,891 - Received import address request for DOGE: {'address': 'DPSqJaTRSMSAsbGSpXFo5KHwJeg3HKfiCP', 'label': 'mint', 'rescan': False}
2025-02-08 22:28:47,514 - Received import address request for DOGE: {'address': 'D8AdggH3866LS6Ew8KXFKoWi2sv9EccyNX', 'label': 'testwall007', 'rescan': False}
2025-02-09 12:31:09,431 - Received import address request for DGB: {'address': 'DLe2A5UsHsBGhECs8YJJBp6z6J76sx5e4J', 'label': 'DGB main', 'rescan': False}
2025-02-09 14:58:24,036 - Received import address request for FLOP: {'address': 'flop: FSvCto5RgrhxamHMnPNT1q2ZQBQXu1SkdT', 'label': 'Dan', 'rescan': False}
2025-02-09 14:59:55,961 - Received import address request for FLOP: {'address': 'FSvCto5RgrhxamHMnPNT1q2ZQBQXu1SkdT', 'label': 'Dan', 'rescan': False}
2025-02-10 01:21:32,624 - Received import address request for DOGE: {'address': 'F8ELYZQHVXUuUsWVu5nxGNWTbx6LHswJDV', 'label': 'MNi', 'rescan': False}
2025-02-10 01:21:56,992 - Received import address request for DOGE: {'address': 'DRhxveGFCVKRpM71KKjufYyTRm8imY8U6W', 'label': 'A', 'rescan': False}
2025-02-10 01:25:08,915 - Received import address request for FLOP: {'address': 'F8ELYZQHVXUuUsWVu5nxGNWTbx6LHswJDV', 'label': 'Mani', 'rescan': False}
2025-02-10 08:14:26,526 - Received import address request for DOGE: {'address': 'DRL8KkPr7ogqnWQNj1yix1eGxQyqxYv1HQ', 'label': 'first', 'rescan': False}
2025-02-10 08:19:18,028 - Received import address request for DOGE: {'address': 'DEYwHfpyFhE2yec8Vy5v1hGDhHjrGhp3YB', 'label': 'first', 'rescan': False}
2025-02-10 09:16:16,670 - Received import address request for DOGE: {'address': 'DSeTNy1iPNLY5RsMRYjMsXKBQqUA8kGUQj', 'label': 'Thomas', 'rescan': False}
2025-02-10 09:22:54,597 - Received import address request for DOGE: {'address': 'DBfT6Q2jCUtbdh5tUgQP1YsWtNCQ74YbU6', 'label': 'pep', 'rescan': False}
2025-02-10 15:50:53,615 - Received import address request for DEV: {'address': 'D6icdLNXwhagA2H1KnZde7bQag1TSLyEwe', 'label': '1', 'rescan': False}
2025-02-10 16:10:33,217 - Received import address request for DOGE: {'address': 'DJKBE1Stv2625hPapAaQ1EPQZt2BhvUQMD', 'label': 'dog1', 'rescan': False}
2025-02-10 19:31:47,129 - Received import address request for DOGE: {'address': 'SboMRQM3L7KixHg3YdknaqeJDesXVBtg8h', 'label': 'mdjn', 'rescan': False}
2025-02-10 22:17:39,719 - Received import address request for DOGE: {'address': 'DDLk61yigucqdFJWJxuogSryNEtpKHWucM', 'label': 'blaznluke007', 'rescan': False}
2025-02-11 00:59:28,714 - Received import address request for DOGE: {'address': 'DPTpn9DfVTHRaLwtut2r2AJUWuZZUhtyw9', 'label': 'apexidc', 'rescan': False}
2025-02-11 01:00:48,322 - Received import address request for DEV: {'address': 'DPTpn9DfVTHRaLwtut2r2AJUWuZZUhtyw9', 'label': 'apexidc', 'rescan': False}
2025-02-11 04:20:28,944 - Received import address request for FLOP: {'address': 'FRkJvdYdctkhEQqsSD8UrzWNQ52mkbd9Sd', 'label': 'flop', 'rescan': False}
2025-02-11 04:21:27,866 - Received import address request for FLOP: {'address': 'FHxagSc5FJKWsk5RE1rHH3UqReVLfUdx2t', 'label': 'flop', 'rescan': False}
2025-02-11 05:29:50,544 - Received import address request for BONC: {'address': 'BLXunaCqMiA6Kfrbx45XrfjazZrrf5BHk4', 'label': 'BONC', 'rescan': False}
2025-02-11 05:38:07,444 - Received import address request for BONC: {'address': 'BLBGtQqujvHGZJrbZU4EXkHcUscqv1ggW2', 'label': '11111111', 'rescan': False}
2025-02-11 06:06:28,645 - Received import address request for DOGE: {'address': 'D5GcAeoAiKaM1mo36gGZCnYN5cWB6himzL', 'label': 'AAAA', 'rescan': False}
2025-02-11 07:34:55,345 - Received import address request for FLOP: {'address': 'FDfcg8ccS5gxChKooHcqDroxyq9ySfW5hf', 'label': 'Hoodiefiles', 'rescan': False}
2025-02-11 10:40:26,474 - Received import address request for DOGE: {'address': 'DCECZxvc6EwwAXUDS3ZVUUqbUe2D9UEwBd', 'label': 'm4rconi', 'rescan': False}
2025-02-11 11:22:02,714 - Received import address request for PEP: {'address': 'PkGfvbPpgDoZD6MZVxCS3ZZjBAPpM47emv', 'label': 'Pep mobile ', 'rescan': False}
2025-02-11 11:26:45,816 - Received import address request for FLOP: {'address': 'F7ZPUzHCerwRomkpYQjhCbsUhMp9BaUHbB', 'label': 'Belly', 'rescan': False}
2025-02-11 11:57:18,953 - Received import address request for PEP: {'address': 'Pk4tA5fvq7K3RceBpT2RBey8xUzeVKPPLZ', 'label': 'Pep mobile', 'rescan': False}
2025-02-11 12:19:55,694 - Received import address request for PEP: {'address': 'PcJmAjdfthmcLqmZ49NEumqV1HcXqGAYZi', 'label': 'Pep mobile', 'rescan': False}
2025-02-11 12:20:29,249 - Received import address request for PEP: {'address': 'PcciS97caxjm9ktSqtqPGMYaQC3WyNbPKi', 'label': 'Pep mobile', 'rescan': False}
2025-02-11 12:21:06,828 - Received import address request for PEP: {'address': 'PnuNmQCi3xLDF6tAscBshxz11FoTac4Kqu', 'label': 'Ooo', 'rescan': False}
2025-02-11 16:06:29,651 - Received import address request for DEV: {'address': 'DD4eaGy7reWWA4x1No5wcqvzLhxCByPUzS', 'label': 'DEV', 'rescan': False}
2025-02-11 21:36:22,610 - Received import address request for DOGE: {'address': 'DJ93ZLkDkBb3qRRM6orhnmqr4WDC7YmNS6', 'label': 'kash', 'rescan': False}
2025-02-12 11:55:08,658 - Received import address request for DOGE: {'address': 'DGqkyxer6TquscdT5JADRkTtNhWJdGsHsJ', 'label': 'Mango', 'rescan': False}
2025-02-12 20:27:46,118 - Received import address request for DEV: {'address': 'DAhLLeA9P9AeJzsEj9zYetSK2eTRifs1mY', 'label': 'DEV', 'rescan': False}
2025-02-12 20:30:59,604 - Received import address request for DEV: {'address': 'DLC33ASxKmiScVU6b5Yc9YL3GpDXF5v3y6', 'label': 'Dev2lit', 'rescan': False}
2025-02-13 09:31:34,985 - Received import address request for BONC: {'address': 'BGfRqPeYz79BNSm6DzLU5qZ2MJMA3tPxZ6', 'label': '1', 'rescan': False}
2025-02-14 00:16:35,515 - Received import address request for BONC: {'address': 'B62AZsWtNAY1tDCU8jBXMpjE6LuEJApEwC', 'label': 'Boncs1', 'rescan': False}
2025-02-14 00:38:52,595 - Received import address request for SHIC: {'address': 'SUuJLTHNypXBc5QmWxjW2trXCR1vkkUKFz', 'label': '～', 'rescan': False}
2025-02-14 10:45:11,568 - Received import address request for DOGE: {'address': 'DEv3GrE8xF9LQNqKHzEyUCqWupFL4eEqks', 'label': 'BCPflop', 'rescan': False}
2025-02-14 10:45:58,406 - Received import address request for FLOP: {'address': 'FCBX1bKSENEgxrPUcZjdTbc3sPtBu6rUxa', 'label': 'BCPflop', 'rescan': False}
2025-02-14 16:30:19,811 - Received import address request for DOGE: {'address': 'DSoahHhVXfGYZgXci5uDSYvMPy2S29hquz', 'label': 'Digibyte', 'rescan': False}
2025-02-14 16:35:02,261 - Received import address request for PEP: {'address': 'PcKUHWuSTNqJaZjFKmm9yreeGTYUsrGjKM', 'label': 'default', 'rescan': False}
2025-02-14 16:35:41,731 - Received import address request for DGB: {'address': 'DSoahHhVXfGYZgXci5uDSYvMPy2S29hquz', 'label': 'default', 'rescan': False}
2025-02-14 22:50:16,234 - Received import address request for DOGE: {'address': 'D7sBMF8xqDGrKpPhgoPjaY2qzGT6QA8S3n', 'label': 'Try', 'rescan': False}
2025-02-14 22:50:35,086 - Received import address request for DOGE: {'address': 'D8GG9znQcTuDfY2dHXJ8j8H3TBW6LWTuYt', 'label': 'gustavo hurtado', 'rescan': False}
2025-02-14 23:56:23,713 - Received import address request for PEP: {'address': 'PZifta47SP54kbnFjRBbzMaVfvEaCMmWcd', 'label': 'Pepppe', 'rescan': False}
2025-02-15 05:53:31,682 - Received import address request for DOGE: {'address': 'DT7mTUDMBtxTFBPwWwqnULJGaCDoiog2a5', 'label': 'Khulisani ', 'rescan': False}
2025-02-15 06:08:11,773 - Received import address request for DOGE: {'address': 'DFHpBy1AonFPmfjTk9k6AneXvT96vFqwku', 'label': 'DOGE', 'rescan': False}
2025-02-15 06:18:04,608 - Received import address request for DOGE: {'address': 'DBAsdL3h33YtTeg8TRqppyLgZGT4jB2KhT', 'label': 'wflo', 'rescan': False}
2025-02-15 09:50:51,096 - Received import address request for PEP: {'address': 'Pat5rEzGBaKF27fW9vXi4h8m7kJ7EuUBAr', 'label': 'Pepe', 'rescan': False}
2025-02-15 23:53:37,805 - Received import address request for DOGE: {'address': 'DRfJmGLmjttrhLeKT3Q3SnLwv1E5RZsD1z', 'label': 'dev', 'rescan': False}
2025-02-16 08:43:25,453 - Received import address request for DOGE: {'address': 'D9bA9dcUvwVXrCJbRTE5ZzkrQKTPebz14t', 'label': '1', 'rescan': False}
2025-02-16 09:26:40,309 - Received import address request for DOGE: {'address': 'DG7bRn7hQo6cGLKspeGaGrY5U6ASNfnDoL', 'label': 'Q', 'rescan': False}
2025-02-16 09:32:21,141 - Received import address request for DOGE: {'address': 'DTMaZquuTwq6nDDYYom5HsTpsYAqmr99xx', 'label': 'I', 'rescan': False}
2025-02-16 09:32:27,992 - Received import address request for DOGE: {'address': 'DJDvmbxfjsE2ZjHHjEVyVjmfTAAf5XV9VS', 'label': 'D', 'rescan': False}
2025-02-16 09:33:23,257 - Received import address request for BONC: {'address': 'BNMutHfX35XLNN5cqtHNP36kNaAx62276p', 'label': 'I', 'rescan': False}
2025-02-16 10:11:49,129 - Received import address request for DEV: {'address': 'DDdmpgwnSKVSZZDKdJjMq35Bek1atm3iZn', 'label': 'dev1', 'rescan': False}
2025-02-16 10:20:27,571 - Received import address request for FLOP: {'address': 'FTUM9WHcBv2ENf18G7Y7wTW6XZzgooLDeN', 'label': '2', 'rescan': False}
2025-02-16 10:31:56,360 - Received import address request for PEP: {'address': 'Prjo27WN4hKfgjwgNorc4oEmMBv61C9PmS', 'label': 'pepe mobile', 'rescan': False}
2025-02-16 13:15:27,568 - Received import address request for DOGE: {'address': 'DNhCwxWseH3Mt6UsRrLXJBvMA5wCo9MC5k', 'label': 'Hamza dev', 'rescan': False}
2025-02-16 19:08:29,913 - Received import address request for PEP: {'address': 'ProbwepaeRUzW7kvEXDKPcKx8Td3tqhvjh', 'label': 'Pep mobile ', 'rescan': False}
2025-02-16 20:20:46,214 - Received import address request for DOGE: {'address': 'DEaQYkyeDJEy3QvRjY6Sw4ktwvMa1biSni', 'label': 'Walz', 'rescan': False}
2025-02-17 02:58:05,585 - Received import address request for DOGE: {'address': 'DGTh7mcaeUKnivzo3pbhmVcA2YmJ3qw5po', 'label': 'my dogecoinev wallet', 'rescan': False}
2025-02-17 04:41:57,528 - Received import address request for DOGE: {'address': 'DQg2T3eAY3LsdjmSjJNujmrKPkbaPw5q6i', 'label': '$RAFL', 'rescan': False}
2025-02-17 05:30:21,467 - Received import address request for PEP: {'address': 'PebnFmeYSZh1AZbBevoixBGJkfy4YH533z', 'label': 'pep', 'rescan': False}
2025-02-17 05:52:40,549 - Received import address request for PEP: {'address': 'PebnFmeYSZh1AZbBevoixBGJkfy4YH533z', 'label': 'pep', 'rescan': False}
2025-02-17 22:10:37,549 - Received import address request for DOGE: {'address': 'D5jsFMusBMv38dFPgrUShBPaY777CaTpdf', 'label': '122', 'rescan': False}
2025-02-17 22:11:30,747 - Received import address request for DOGE: {'address': 'D5im68fWoxxhimT6ELVoUA7wP5y2ovN46V', 'label': '333', 'rescan': False}
2025-02-17 22:11:55,763 - Received import address request for DOGE: {'address': 'DDY4QYmHDcA1RmEWth6jpnmYjdfHUXRHGf', 'label': '3333', 'rescan': False}
2025-02-17 22:12:26,433 - Received import address request for DOGE: {'address': 'DTYXkaZuscco32ubE76vhvEvEgYvgWah6N', 'label': '3333', 'rescan': False}
2025-02-18 00:33:54,166 - Received import address request for DOGE: {'address': 'DLr5Vca9729fMxNNpKeze6uCCqV3HkMVXL', 'label': 'doge', 'rescan': False}
2025-02-18 00:36:37,152 - Received import address request for DOGE: {'address': 'DMQqe5Ukz7QA7iQof9S7QUsRYrWXPeBZgd', 'label': 'pep', 'rescan': False}
2025-02-18 00:39:31,206 - Received import address request for PEP: {'address': 'PrXXLpaC6RxVB1NfRmEBAhy3h7ETTcbuQt', 'label': '胡斌PEP', 'rescan': False}
2025-02-18 00:45:04,390 - Received import address request for PEP: {'address': 'PrXXLpaC6RxVB1NfRmEBAhy3h7ETTcbuQt', 'label': 'pep', 'rescan': False}
2025-02-18 00:45:04,433 - Received import address request for PEP: {'address': 'PrXXLpaC6RxVB1NfRmEBAhy3h7ETTcbuQt', 'label': 'pep', 'rescan': False}
2025-02-18 00:45:04,719 - Received import address request for PEP: {'address': 'PrXXLpaC6RxVB1NfRmEBAhy3h7ETTcbuQt', 'label': 'pep', 'rescan': False}
2025-02-18 00:45:04,756 - Received import address request for PEP: {'address': 'PrXXLpaC6RxVB1NfRmEBAhy3h7ETTcbuQt', 'label': 'pep', 'rescan': False}
2025-02-18 00:45:04,843 - Received import address request for PEP: {'address': 'PrXXLpaC6RxVB1NfRmEBAhy3h7ETTcbuQt', 'label': 'pep', 'rescan': False}
2025-02-18 00:45:05,005 - Received import address request for PEP: {'address': 'PrXXLpaC6RxVB1NfRmEBAhy3h7ETTcbuQt', 'label': 'pep', 'rescan': False}
2025-02-18 00:45:05,664 - Received import address request for PEP: {'address': 'PrXXLpaC6RxVB1NfRmEBAhy3h7ETTcbuQt', 'label': 'pep', 'rescan': False}
2025-02-18 01:19:13,340 - Received import address request for SHIC: {'address': 'SMfjowWE79QoxHKAUNCDQMxYk9UU4nx293', 'label': '胡斌的shic', 'rescan': False}
2025-02-18 02:06:34,732 - Received import address request for DEV: {'address': 'DL35jb5JRV1a4XVcLA95bE1U6C3jYoKkED', 'label': 'Hamza dev', 'rescan': False}
2025-02-18 02:15:04,484 - Received import address request for DEV: {'address': 'DLgKX4U1DuDTwKrJBKUyPMpLzy8qAsvYD7', 'label': 'dev', 'rescan': False}
2025-02-18 02:24:13,149 - Received import address request for BONC: {'address': 'B5oy1PbQPMv4xG3styQuCQsGyaq4afr8zG', 'label': '胡斌的bonk', 'rescan': False}
2025-02-18 02:28:13,547 - Received import address request for FLOP: {'address': 'FKNkTqszjphn392yJT6oGL6SrToTMbcLQm', 'label': '胡斌', 'rescan': False}
2025-02-18 02:28:24,855 - Received import address request for DGB: {'address': 'DT8NdJ85dr9ujhphGLknQ5xm3qwZiLFek9', 'label': '胡斌', 'rescan': False}
2025-02-18 03:57:28,127 - Received import address request for SHIC: {'address': 'SYky28ryrgzCqCoAc6vRak5U3LNYLxg4sW', 'label': '胡家辉的shic', 'rescan': False}
2025-02-18 07:25:35,798 - Received import address request for FLOP: {'address': 'FV7vDLtSRfCEA8J5Uau6djBVvKrggd7uE4', 'label': 'chrisfromgreece', 'rescan': False}
2025-02-18 07:27:05,169 - Received import address request for FLOP: {'address': 'F7bXrhj57enRa9BRGBHp2yMuXT7mXpY3tu', 'label': 'christhegreekgeek', 'rescan': False}
2025-02-18 09:11:21,226 - Received import address request for BONC: {'address': 'BCB88a915H561A4xHERaiVvU9HuWCrDvhh', 'label': 'I', 'rescan': False}
2025-02-18 10:56:57,728 - Received import address request for FLOP: {'address': 'FTnB6PWfvnptErnfBe4WRGJynYeYJ9dmSB', 'label': 'Flop lols ', 'rescan': False}
2025-02-18 16:40:42,778 - Received import address request for DOGE: {'address': 'DLypKdN92sq9pXHFWpvDc3NhQ7UZoF3KRm', 'label': 'thomas', 'rescan': False}
2025-02-18 16:49:53,466 - Received import address request for DEV: {'address': 'DBMHouPTis7g458XvUouYPGsL8zgtiqw42', 'label': 'EMi ev', 'rescan': False}
2025-02-18 17:59:30,182 - Received import address request for BONC: {'address': 'B8K5GuFmQTBSuDBEG9s3FLWmEFxsgvsFgi', 'label': 'Bonk mobile', 'rescan': False}
2025-02-18 18:00:31,815 - Received import address request for DEV: {'address': 'DHZxVrEQdPwXpGyr9Qcy81qVcHGcu4trtT', 'label': 'Dev mobile', 'rescan': False}
2025-02-18 18:17:43,207 - Received import address request for DOGE: {'address': 'DAW1AmUQLEuycCbAKimy5ZEE2tKEa6zFz3', 'label': 'DOGE', 'rescan': False}
2025-02-18 18:18:28,716 - Received import address request for BONC: {'address': 'BCKV6eJqN2BnvENCGzMDYvui6LQaXuzdjd', 'label': 'BONK1', 'rescan': False}
2025-02-18 18:24:47,952 - Received import address request for DEV: {'address': 'D7GhXibby5uAvXHtT5ca96NrrDoBkuHj2A', 'label': 'DEV', 'rescan': False}
2025-02-18 18:26:30,185 - Received import address request for BONC: {'address': 'BTES7p6mG7eqJDEfZdAQrXQv6rnW6MN4M6', 'label': 'BONC', 'rescan': False}
2025-02-18 18:30:13,001 - Received import address request for FLOP: {'address': 'FKXXNZEsetZDzLZqq9H2jZ8WJGxiSNWHzn', 'label': 'FLOP', 'rescan': False}
2025-02-18 18:39:37,535 - Received import address request for DGB: {'address': 'DGW6SDi5MTefeotcmmrCqBAzuHuT6ixWmw', 'label': 'DGB', 'rescan': False}
2025-02-18 19:13:46,186 - Received import address request for DOGE: {'address': 'DBbbxgtszGF4mD76dkacSjnvo6aThyKaWf', 'label': 'Big Dad', 'rescan': False}
2025-02-18 19:58:14,227 - Received import address request for DEV: {'address': 'DDp8Ek9hLgAhjLHdqQQ7SaMmDseUa2xygp', 'label': 'Degen ', 'rescan': False}
2025-02-18 20:06:32,415 - Received import address request for DGB: {'address': 'DSjayrDmmjeKbvrAJbYjWyrTkBbrEJh7g4', 'label': 'God ', 'rescan': False}
2025-02-18 20:59:33,815 - Received import address request for DOGE: {'address': 'DNA67WxMLaJW3QqZvzpV6MFSFWdA3kofBk', 'label': 'Gombret', 'rescan': False}
2025-02-18 21:44:13,162 - Received import address request for FLOP: {'address': 'FJ5ekVJU2HgDGK4hYNcDNSnHgePGCcgva1', 'label': 'Sylar', 'rescan': False}
2025-02-18 21:45:18,006 - Received import address request for DEV: {'address': 'DUQTeGmFZQyrrPett2Qg9Tprq2K4kfSJPv', 'label': 'Sylar', 'rescan': False}
2025-02-18 21:48:31,674 - Received import address request for FLOP: {'address': 'F8AQ2WW4Px4yrZiVxQHPcgQTqXgm41NmnZ', 'label': 'Sylar', 'rescan': False}
2025-02-18 22:45:43,691 - Received import address request for BONC: {'address': 'BPuLWp9eQAkLZbczcFXGJZoH4W9ch7Xggo', 'label': 'Bonk kol', 'rescan': False}
2025-02-19 03:10:46,697 - Received import address request for PEP: {'address': 'PteLtxFjN6VNeTruLygKJ5FgsqWWznkbb5', 'label': 'PEP FAUCET', 'rescan': False}
2025-02-19 03:12:49,126 - Received import address request for BONC: {'address': 'BLQfSfCT8nxrhgbg2rDR9SPgue5F8A5ZHw', 'label': 'Bonk faucet', 'rescan': False}
2025-02-19 03:13:25,510 - Received import address request for FLOP: {'address': 'F9WQ6zAVo2e8cJw12w5B4EJdqMuWVBuhai', 'label': 'Flop wallet', 'rescan': False}
2025-02-19 03:15:50,675 - Received import address request for DEV: {'address': 'DTWmKyNSWa9JqmUtXHzpecWzqBbtpkhm8J', 'label': 'DEV FAUCET', 'rescan': False}
2025-02-19 06:09:27,845 - Received import address request for PEP: {'address': 'PbHEZxLSjGiEFd7mn13CwhvLJjNxE9nUph', 'label': 'pepchunk', 'rescan': False}
2025-02-19 08:37:08,934 - Received import address request for PEP: {'address': 'Puedt9Vo84nbNj3NrMjfs2BTHabwPBfhh2', 'label': 'AMINO10', 'rescan': False}
2025-02-19 08:43:42,207 - Received import address request for DEV: {'address': 'DAouQ7xNLmpS26YZsdgwMu1xQKp2ihm2nF', 'label': 'AMINO10', 'rescan': False}
2025-02-19 09:19:11,414 - Received import address request for DOGE: {'address': 'D6byDumfq6SFJbdfFpZVpv1s8ZoY4j7wZ1', 'label': 'Doginals', 'rescan': False}
2025-02-19 09:42:52,624 - Received import address request for DOGE: {'address': 'DNnE1KSo3cxXze9YkWdwdzqVr54utoJzhL', 'label': 'Flopcoin', 'rescan': False}
2025-02-19 14:46:03,534 - Received import address request for DOGE: {'address': 'D9WUyT9UyMUSUYJqh8UyNGiJiFND8KffxX', 'label': 'Pep', 'rescan': False}
2025-02-19 14:48:15,174 - Received import address request for PEP: {'address': 'Pmy1EFAV4kN4mdRNbksyXnH8785D3wTSqA', 'label': '活力', 'rescan': False}
2025-02-19 15:39:49,144 - Received import address request for DOGE: {'address': 'DJKtaAWK82UdoRJjAhy4iTE2Pf7XmJ2bBt', 'label': 'sek', 'rescan': False}
2025-02-19 15:44:08,460 - Received import address request for FLOP: {'address': 'FDx5w33mE6PfbsJbJmKUYm5XMGzdiwtnkC', 'label': 'sek flop', 'rescan': False}
2025-02-20 00:56:50,657 - Received import address request for FLOP: {'address': 'FHyximAhhS5fvJmqcxcUrMyTLJaGjquwAc', 'label': 'Thomas', 'rescan': False}
2025-02-20 01:13:57,646 - Received import address request for PEP: {'address': 'Poj2Bii5taGNJMJDZHAjVLCSVzhEDJx9FG', 'label': 'Pep ', 'rescan': False}
2025-02-20 03:14:20,939 - Received import address request for DEV: {'address': 'DSPdR2Dx5EZ5DxjQmFZLyph7vHx2wMQpRp', 'label': 'Main', 'rescan': False}
2025-02-20 04:25:53,627 - Received import address request for DOGE: {'address': 'DGxwx5RptvKLe73V4xZ4RPX2HBCXWGVqn6', 'label': 'DEV', 'rescan': False}
2025-02-20 08:17:10,408 - Received import address request for DOGE: {'address': 'DJVJa3QKTEVDF8ggabGpfMLgwg1hLhu7mj', 'label': 'DodgZ', 'rescan': False}
2025-02-20 08:18:51,113 - Received import address request for DOGE: {'address': 'DMqZrba5ATJtztjJgKf8VXpt2n1G9E5tUC', 'label': 'PlugZ', 'rescan': False}
2025-02-20 08:43:33,803 - Received import address request for DOGE: {'address': 'DL5wP7kM26HS7hLCQ8goL8xV6CmdCS6TR7', 'label': 'doge freedom wallet', 'rescan': False}
2025-02-20 09:14:20,955 - Received import address request for DOGE: {'address': 'D5T7kSJRaYKk6Zjp9258jV4zsKwsTUdzCW', 'label': 'KhUlisani', 'rescan': False}
2025-02-20 09:46:33,360 - Received import address request for PEP: {'address': 'Pjk91G5FQpAYxMgGM8hpmDc7nKVUk9yWqa', 'label': 'Marafa ', 'rescan': False}
2025-02-20 09:46:47,850 - Received import address request for SHIC: {'address': 'SPtVZeKQwUs1YxwGz9N64BnF26m18TdyXY', 'label': 'Marafa ', 'rescan': False}
2025-02-20 09:47:04,217 - Received import address request for DEV: {'address': 'DJCGQ2y5RM7QE2fNJAFrifmBwEhXH9jb8k', 'label': 'Marafa ', 'rescan': False}
2025-02-20 09:47:17,907 - Received import address request for BONC: {'address': 'BDx7z8ShjXJip2Agdvnfq3fzmKehTwu8rC', 'label': 'Marafa ', 'rescan': False}
2025-02-20 09:47:33,945 - Received import address request for FLOP: {'address': 'FNmMHMAWbWsp5PL7CwSKFaBv9e5MmL3eBn', 'label': 'Marafa', 'rescan': False}
2025-02-20 09:47:47,422 - Received import address request for DGB: {'address': 'DACbp4YKiqKKzZxmB15qHsPaVvecjMsXYx', 'label': 'Marafa ', 'rescan': False}
2025-02-20 13:52:56,111 - Received import address request for FLOP: {'address': 'FEuPvNMz45brhpfH5ghdbqK1wLiLaoTjJ3', 'label': 'chris-22', 'rescan': False}
2025-02-20 21:37:49,111 - Received import address request for DOGE: {'address': 'DMEPB9rQjAkP5r7xyz5LAYJgV5EV9Wxegc', 'label': 'Newteast', 'rescan': False}
2025-02-20 21:40:28,589 - Received import address request for DOGE: {'address': 'D5RDna2mtFgukcpZCRnsUXxvspf8joyb76', 'label': 'Blank', 'rescan': False}
