No new blocks to process for DOGE at height 5596028
No new blocks to process for PEP at height 422987
Processing blocks for SHIC from 84043 to 84043
Processing blocks for DEV from 35271 to 35272
Processing blocks for BONC from 60675 to 60676
Processing blocks for DGB from 20906598 to 20906602
No new blocks to process for DOGE at height 5596028
No new blocks to process for PEP at height 422987
No new blocks to process for SHIC at height 84043
No new blocks to process for DEV at height 35272
No new blocks to process for BONC at height 60676
Processing blocks for DGB from 20906603 to 20906604
Processing blocks for DOGE from 5596029 to 5596029
Processing blocks for PEP from 422988 to 422988
No new blocks to process for SHIC at height 84043
Processing blocks for DEV from 35273 to 35273
No new blocks to process for BONC at height 60676
Processing blocks for DGB from 20906605 to 20906606
Processing blocks for DOGE from 5596030 to 5596030
Processing blocks for PEP from 422989 to 422989
No new blocks to process for SHIC at height 84043
No new blocks to process for DEV at height 35273
Processing blocks for BONC from 60677 to 60677
Processing blocks for DGB from 20906607 to 20906608
Processing blocks for DOGE from 5596031 to 5596031
Processing blocks for PEP from 422990 to 422990
Processing blocks for SHIC from 84044 to 84044
No new blocks to process for DEV at height 35273
Processing blocks for BONC from 60678 to 60678
No new blocks to process for DGB at height 20906608
No new blocks to process for DOGE at height 5596031
No new blocks to process for PEP at height 422990
No new blocks to process for SHIC at height 84044
No new blocks to process for DEV at height 35273
No new blocks to process for BONC at height 60678
No new blocks to process for DGB at height 20906608
Processing blocks for DOGE from 5596032 to 5596032
Processing blocks for PEP from 422991 to 422991
Processing blocks for SHIC from 84045 to 84045
Processing blocks for DEV from 35274 to 35274
No new blocks to process for BONC at height 60678
Processing blocks for DGB from 20906609 to 20906610
